Determining if the pthread_create exist failed with the following output:
Change Dir: /home/mfikih15/drone_simulation/build/CMakeFiles/CMakeTmp

Run Build Command:"/usr/bin/make" "cmTC_000cf/fast"
/usr/bin/make -f CMakeFiles/cmTC_000cf.dir/build.make CMakeFiles/cmTC_000cf.dir/build
make[1]: Entering directory '/home/mfikih15/drone_simulation/build/CMakeFiles/CMakeTmp'
Building C object CMakeFiles/cmTC_000cf.dir/CheckSymbolExists.c.o
/usr/bin/cc    -o CMakeFiles/cmTC_000cf.dir/CheckSymbolExists.c.o   -c /home/mfikih15/drone_simulation/build/CMakeFiles/CMakeTmp/CheckSymbolExists.c
Linking C executable cmTC_000cf
/usr/bin/cmake -E cmake_link_script CMakeFiles/cmTC_000cf.dir/link.txt --verbose=1
/usr/bin/cc      -rdynamic CMakeFiles/cmTC_000cf.dir/CheckSymbolExists.c.o  -o cmTC_000cf 
CMakeFiles/cmTC_000cf.dir/CheckSymbolExists.c.o: In function `main':
CheckSymbolExists.c:(.text+0x1b): undefined reference to `pthread_create'
collect2: error: ld returned 1 exit status
CMakeFiles/cmTC_000cf.dir/build.make:97: recipe for target 'cmTC_000cf' failed
make[1]: *** [cmTC_000cf] Error 1
make[1]: Leaving directory '/home/mfikih15/drone_simulation/build/CMakeFiles/CMakeTmp'
Makefile:126: recipe for target 'cmTC_000cf/fast' failed
make: *** [cmTC_000cf/fast] Error 2

File /home/mfikih15/drone_simulation/build/CMakeFiles/CMakeTmp/CheckSymbolExists.c:
/* */
#include <pthread.h>

int main(int argc, char** argv)
{
  (void)argv;
#ifndef pthread_create
  return ((int*)(&pthread_create))[argc];
#else
  (void)argc;
  return 0;
#endif
}

Determining if the function pthread_create exists in the pthreads failed with the following output:
Change Dir: /home/mfikih15/drone_simulation/build/CMakeFiles/CMakeTmp

Run Build Command:"/usr/bin/make" "cmTC_6fc96/fast"
/usr/bin/make -f CMakeFiles/cmTC_6fc96.dir/build.make CMakeFiles/cmTC_6fc96.dir/build
make[1]: Entering directory '/home/mfikih15/drone_simulation/build/CMakeFiles/CMakeTmp'
Building C object CMakeFiles/cmTC_6fc96.dir/CheckFunctionExists.c.o
/usr/bin/cc   -DCHECK_FUNCTION_EXISTS=pthread_create   -o CMakeFiles/cmTC_6fc96.dir/CheckFunctionExists.c.o   -c /usr/share/cmake-3.10/Modules/CheckFunctionExists.c
Linking C executable cmTC_6fc96
/usr/bin/cmake -E cmake_link_script CMakeFiles/cmTC_6fc96.dir/link.txt --verbose=1
/usr/bin/cc  -DCHECK_FUNCTION_EXISTS=pthread_create    -rdynamic CMakeFiles/cmTC_6fc96.dir/CheckFunctionExists.c.o  -o cmTC_6fc96 -lpthreads 
/usr/bin/ld: cannot find -lpthreads
collect2: error: ld returned 1 exit status
CMakeFiles/cmTC_6fc96.dir/build.make:97: recipe for target 'cmTC_6fc96' failed
make[1]: *** [cmTC_6fc96] Error 1
make[1]: Leaving directory '/home/mfikih15/drone_simulation/build/CMakeFiles/CMakeTmp'
Makefile:126: recipe for target 'cmTC_6fc96/fast' failed
make: *** [cmTC_6fc96/fast] Error 2


